

Started GET "/" for 127.0.0.1 at 2014-12-02 22:43:17 +0530

Mysql2::Error (Access denied for user 'root'@'localhost' (using password: NO)):
  mysql2 (0.3.17) lib/mysql2/client.rb:70:in `connect'
  mysql2 (0.3.17) lib/mysql2/client.rb:70:in `initialize'
  activerecord (4.1.1) lib/active_record/connection_adapters/mysql2_adapter.rb:18:in `new'
  activerecord (4.1.1) lib/active_record/connection_adapters/mysql2_adapter.rb:18:in `mysql2_connection'
  activerecord (4.1.1) lib/active_record/connection_adapters/abstract/connection_pool.rb:435:in `new_connection'
  activerecord (4.1.1) lib/active_record/connection_adapters/abstract/connection_pool.rb:445:in `checkout_new_connection'
  activerecord (4.1.1) lib/active_record/connection_adapters/abstract/connection_pool.rb:416:in `acquire_connection'
  activerecord (4.1.1) lib/active_record/connection_adapters/abstract/connection_pool.rb:351:in `block in checkout'
  /home/khushbu/.rvm/rubies/ruby-2.1.1/lib/ruby/2.1.0/monitor.rb:211:in `mon_synchronize'
  activerecord (4.1.1) lib/active_record/connection_adapters/abstract/connection_pool.rb:350:in `checkout'
  activerecord (4.1.1) lib/active_record/connection_adapters/abstract/connection_pool.rb:265:in `block in connection'
  /home/khushbu/.rvm/rubies/ruby-2.1.1/lib/ruby/2.1.0/monitor.rb:211:in `mon_synchronize'
  activerecord (4.1.1) lib/active_record/connection_adapters/abstract/connection_pool.rb:264:in `connection'
  activerecord (4.1.1) lib/active_record/connection_adapters/abstract/connection_pool.rb:541:in `retrieve_connection'
  activerecord (4.1.1) lib/active_record/connection_handling.rb:113:in `retrieve_connection'
  activerecord (4.1.1) lib/active_record/connection_handling.rb:87:in `connection'
  activerecord (4.1.1) lib/active_record/query_cache.rb:51:in `restore_query_cache_settings'
  activerecord (4.1.1) lib/active_record/query_cache.rb:43:in `rescue in call'
  activerecord (4.1.1) lib/active_record/query_cache.rb:32:in `call'
  activerecord (4.1.1) lib/active_record/connection_adapters/abstract/connection_pool.rb:621:in `call'
  activerecord (4.1.1) lib/active_record/migration.rb:380:in `call'
  actionpack (4.1.1) lib/action_dispatch/middleware/callbacks.rb:29:in `block in call'
  activesupport (4.1.1) lib/active_support/callbacks.rb:82:in `run_callbacks'
  actionpack (4.1.1) lib/action_dispatch/middleware/callbacks.rb:27:in `call'
  actionpack (4.1.1) lib/action_dispatch/middleware/reloader.rb:73:in `call'
  actionpack (4.1.1) lib/action_dispatch/middleware/remote_ip.rb:76:in `call'
  actionpack (4.1.1) lib/action_dispatch/middleware/debug_exceptions.rb:17:in `call'
  actionpack (4.1.1) lib/action_dispatch/middleware/show_exceptions.rb:30:in `call'
  railties (4.1.1) lib/rails/rack/logger.rb:38:in `call_app'
  railties (4.1.1) lib/rails/rack/logger.rb:20:in `block in call'
  activesupport (4.1.1) lib/active_support/tagged_logging.rb:68:in `block in tagged'
  activesupport (4.1.1) lib/active_support/tagged_logging.rb:26:in `tagged'
  activesupport (4.1.1) lib/active_support/tagged_logging.rb:68:in `tagged'
  railties (4.1.1) lib/rails/rack/logger.rb:20:in `call'
  actionpack (4.1.1) lib/action_dispatch/middleware/request_id.rb:21:in `call'
  rack (1.5.2) lib/rack/methodoverride.rb:21:in `call'
  rack (1.5.2) lib/rack/runtime.rb:17:in `call'
  activesupport (4.1.1) lib/active_support/cache/strategy/local_cache_middleware.rb:26:in `call'
  rack (1.5.2) lib/rack/lock.rb:17:in `call'
  actionpack (4.1.1) lib/action_dispatch/middleware/static.rb:64:in `call'
  rack (1.5.2) lib/rack/sendfile.rb:112:in `call'
  railties (4.1.1) lib/rails/engine.rb:514:in `call'
  railties (4.1.1) lib/rails/application.rb:144:in `call'
  rack (1.5.2) lib/rack/lock.rb:17:in `call'
  rack (1.5.2) lib/rack/content_length.rb:14:in `call'
  rack (1.5.2) lib/rack/handler/webrick.rb:60:in `service'
  /home/khushbu/.rvm/rubies/ruby-2.1.1/lib/ruby/2.1.0/webrick/httpserver.rb:138:in `service'
  /home/khushbu/.rvm/rubies/ruby-2.1.1/lib/ruby/2.1.0/webrick/httpserver.rb:94:in `run'
  /home/khushbu/.rvm/rubies/ruby-2.1.1/lib/ruby/2.1.0/webrick/server.rb:295:in `block in start_thread'


  Rendered /home/khushbu/.rvm/gems/ruby-2.1.1/gems/actionpack-4.1.1/lib/action_dispatch/middleware/templates/rescues/_source.erb (0.7ms)
  Rendered /home/khushbu/.rvm/gems/ruby-2.1.1/gems/actionpack-4.1.1/lib/action_dispatch/middleware/templates/rescues/_trace.html.erb (1.3ms)
  Rendered /home/khushbu/.rvm/gems/ruby-2.1.1/gems/actionpack-4.1.1/lib/action_dispatch/middleware/templates/rescues/_request_and_response.html.erb (1.2ms)
  Rendered /home/khushbu/.rvm/gems/ruby-2.1.1/gems/actionpack-4.1.1/lib/action_dispatch/middleware/templates/rescues/diagnostics.erb within rescues/layout (233.9ms)


Started GET "/" for 127.0.0.1 at 2014-12-02 22:48:01 +0530
Processing by HomeController#index as HTML
  Rendered home/index.html.erb within layouts/application (1.6ms)
Completed 200 OK in 952ms (Views: 914.8ms | ActiveRecord: 0.0ms)


Started GET "/assets/application.css?body=1" for 127.0.0.1 at 2014-12-02 22:48:03 +0530


Started GET "/assets/home.css?body=1" for 127.0.0.1 at 2014-12-02 22:48:03 +0530


Started GET "/assets/turbolinks.js?body=1" for 127.0.0.1 at 2014-12-02 22:48:03 +0530


Started GET "/assets/home.js?body=1" for 127.0.0.1 at 2014-12-02 22:48:03 +0530


Started GET "/assets/jquery.js?body=1" for 127.0.0.1 at 2014-12-02 22:48:03 +0530


Started GET "/assets/jquery_ujs.js?body=1" for 127.0.0.1 at 2014-12-02 22:48:03 +0530


Started GET "/assets/application.js?body=1" for 127.0.0.1 at 2014-12-02 22:48:03 +0530


Started GET "/home/home" for 127.0.0.1 at 2014-12-02 22:48:06 +0530
Processing by HomeController#home as HTML
  Rendered home/home.html.erb within layouts/application (0.6ms)
Completed 200 OK in 46ms (Views: 44.3ms | ActiveRecord: 0.0ms)


Started GET "/" for 127.0.0.1 at 2014-12-02 22:48:09 +0530
Processing by HomeController#index as HTML
  Rendered home/index.html.erb within layouts/application (1.5ms)
Completed 200 OK in 43ms (Views: 42.3ms | ActiveRecord: 0.0ms)


Started GET "/home/about" for 127.0.0.1 at 2014-12-02 22:48:12 +0530
Processing by HomeController#about as HTML
  Rendered home/about.html.erb within layouts/application (0.7ms)
Completed 200 OK in 39ms (Views: 38.8ms | ActiveRecord: 0.0ms)


Started GET "/" for 127.0.0.1 at 2014-12-02 22:48:13 +0530
Processing by HomeController#index as HTML
  Rendered home/index.html.erb within layouts/application (0.8ms)
Completed 200 OK in 63ms (Views: 62.0ms | ActiveRecord: 0.0ms)


Started GET "/home/contact" for 127.0.0.1 at 2014-12-02 22:48:15 +0530
Processing by HomeController#contact as JS
  Rendered home/contact.js.erb (28.3ms)
Completed 500 Internal Server Error in 34ms

ActionView::Template::Error (Missing partial home/_contact, application/_contact with {:locale=>[:en], :formats=>[:js, "application/ecmascript", "application/x-ecmascript", :html, :text, :css, :ics, :csv, :vcf, :png, :jpeg, :gif, :bmp, :tiff, :mpeg, :xml, :rss, :atom, :yaml, :multipart_form, :url_encoded_form, :json, :pdf, :zip], :variants=>[], :handlers=>[:erb, :builder, :raw, :ruby, :coffee, :jbuilder]}. Searched in:
  * "/home/khushbu/khushbu_machine_data_old/khushboo/ajax_back_app/app/views"
):
    1: $("#ajax_div").html('<%= escape_javascript(render :partial => "contact") %>');
  app/views/home/contact.js.erb:1:in `_app_views_home_contact_js_erb___1747841980945429810_48626600'


  Rendered /home/khushbu/.rvm/gems/ruby-2.1.1/gems/actionpack-4.1.1/lib/action_dispatch/middleware/templates/rescues/_trace.text.erb (1.2ms)
  Rendered /home/khushbu/.rvm/gems/ruby-2.1.1/gems/actionpack-4.1.1/lib/action_dispatch/middleware/templates/rescues/_request_and_response.text.erb (1.1ms)
  Rendered /home/khushbu/.rvm/gems/ruby-2.1.1/gems/actionpack-4.1.1/lib/action_dispatch/middleware/templates/rescues/template_error.text.erb (15.3ms)


Started GET "/home/contact" for 127.0.0.1 at 2014-12-02 22:49:38 +0530
Processing by HomeController#contact as JS
  Rendered home/_partial_file.html.erb (0.5ms)
  Rendered home/contact.js.erb (4.5ms)
Completed 200 OK in 9ms (Views: 8.6ms | ActiveRecord: 0.0ms)


Started GET "/home/support" for 127.0.0.1 at 2014-12-02 22:49:40 +0530
Processing by HomeController#support as JS
  Rendered home/_partial_file.html.erb (0.1ms)
  Rendered home/support.js.erb (3.6ms)
Completed 200 OK in 8ms (Views: 7.3ms | ActiveRecord: 0.0ms)


Started GET "/home/contact" for 127.0.0.1 at 2014-12-02 22:49:42 +0530
Processing by HomeController#contact as JS
  Rendered home/_partial_file.html.erb (0.1ms)
  Rendered home/contact.js.erb (3.2ms)
Completed 200 OK in 8ms (Views: 7.6ms | ActiveRecord: 0.0ms)


Started GET "/home/about" for 127.0.0.1 at 2014-12-02 22:49:43 +0530
Processing by HomeController#about as HTML
  Rendered home/about.html.erb within layouts/application (0.4ms)
Completed 200 OK in 39ms (Views: 38.3ms | ActiveRecord: 0.0ms)


Started GET "/" for 127.0.0.1 at 2014-12-02 22:49:44 +0530
Processing by HomeController#index as HTML
  Rendered home/index.html.erb within layouts/application (0.5ms)
Completed 200 OK in 44ms (Views: 43.5ms | ActiveRecord: 0.0ms)


Started GET "/home/home" for 127.0.0.1 at 2014-12-02 22:49:45 +0530
Processing by HomeController#home as HTML
  Rendered home/home.html.erb within layouts/application (0.3ms)
Completed 200 OK in 41ms (Views: 39.9ms | ActiveRecord: 0.0ms)


Started GET "/" for 127.0.0.1 at 2014-12-02 22:49:46 +0530
Processing by HomeController#index as HTML
  Rendered home/index.html.erb within layouts/application (0.5ms)
Completed 200 OK in 39ms (Views: 38.4ms | ActiveRecord: 0.0ms)


Started GET "/home/about" for 127.0.0.1 at 2014-12-02 22:49:47 +0530
Processing by HomeController#about as HTML
  Rendered home/about.html.erb within layouts/application (0.3ms)
Completed 200 OK in 44ms (Views: 42.7ms | ActiveRecord: 0.0ms)


Started GET "/" for 127.0.0.1 at 2014-12-02 22:49:48 +0530
Processing by HomeController#index as HTML
  Rendered home/index.html.erb within layouts/application (0.8ms)
Completed 200 OK in 49ms (Views: 48.2ms | ActiveRecord: 0.0ms)


Started GET "/home/contact" for 127.0.0.1 at 2014-12-02 22:49:55 +0530
Processing by HomeController#contact as JS
  Rendered home/_partial_file.html.erb (0.1ms)
  Rendered home/contact.js.erb (3.5ms)
Completed 200 OK in 8ms (Views: 7.4ms | ActiveRecord: 0.0ms)


Started GET "/home/support" for 127.0.0.1 at 2014-12-02 22:49:56 +0530
Processing by HomeController#support as JS
  Rendered home/_partial_file.html.erb (0.1ms)
  Rendered home/support.js.erb (3.0ms)
Completed 200 OK in 8ms (Views: 7.0ms | ActiveRecord: 0.0ms)


Started GET "/" for 127.0.0.1 at 2014-12-02 22:51:36 +0530
Processing by HomeController#index as HTML
  Rendered home/index.html.erb within layouts/application (1.0ms)
Completed 200 OK in 40ms (Views: 39.7ms | ActiveRecord: 0.0ms)


Started GET "/assets/application.css?body=1" for 127.0.0.1 at 2014-12-02 22:51:36 +0530


Started GET "/assets/jquery.js?body=1" for 127.0.0.1 at 2014-12-02 22:51:36 +0530


Started GET "/assets/home.js?body=1" for 127.0.0.1 at 2014-12-02 22:51:36 +0530


Started GET "/assets/jquery_ujs.js?body=1" for 127.0.0.1 at 2014-12-02 22:51:36 +0530


Started GET "/assets/home.css?body=1" for 127.0.0.1 at 2014-12-02 22:51:36 +0530


Started GET "/assets/turbolinks.js?body=1" for 127.0.0.1 at 2014-12-02 22:51:36 +0530


Started GET "/assets/application.js?body=1" for 127.0.0.1 at 2014-12-02 22:51:36 +0530


Started GET "/" for 127.0.0.1 at 2014-12-02 22:51:38 +0530
Processing by HomeController#index as HTML
  Rendered home/index.html.erb within layouts/application (1.2ms)
Completed 200 OK in 50ms (Views: 49.1ms | ActiveRecord: 0.0ms)


Started GET "/assets/home.css?body=1" for 127.0.0.1 at 2014-12-02 22:51:38 +0530


Started GET "/assets/home.js?body=1" for 127.0.0.1 at 2014-12-02 22:51:38 +0530


Started GET "/assets/jquery_ujs.js?body=1" for 127.0.0.1 at 2014-12-02 22:51:38 +0530


Started GET "/assets/application.css?body=1" for 127.0.0.1 at 2014-12-02 22:51:38 +0530


Started GET "/assets/turbolinks.js?body=1" for 127.0.0.1 at 2014-12-02 22:51:38 +0530


Started GET "/assets/jquery.js?body=1" for 127.0.0.1 at 2014-12-02 22:51:38 +0530


Started GET "/assets/application.js?body=1" for 127.0.0.1 at 2014-12-02 22:51:38 +0530


Started GET "/" for 127.0.0.1 at 2014-12-02 22:51:46 +0530
Processing by HomeController#index as HTML
  Rendered home/index.html.erb within layouts/application (1.6ms)
Completed 200 OK in 42ms (Views: 41.1ms | ActiveRecord: 0.0ms)


Started GET "/assets/home.css?body=1" for 127.0.0.1 at 2014-12-02 22:51:46 +0530


Started GET "/assets/jquery_ujs.js?body=1" for 127.0.0.1 at 2014-12-02 22:51:46 +0530


Started GET "/assets/jquery.js?body=1" for 127.0.0.1 at 2014-12-02 22:51:46 +0530


Started GET "/assets/home.js?body=1" for 127.0.0.1 at 2014-12-02 22:51:46 +0530


Started GET "/assets/application.css?body=1" for 127.0.0.1 at 2014-12-02 22:51:46 +0530


Started GET "/assets/turbolinks.js?body=1" for 127.0.0.1 at 2014-12-02 22:51:46 +0530


Started GET "/assets/application.js?body=1" for 127.0.0.1 at 2014-12-02 22:51:46 +0530


Started GET "/home/contact" for 127.0.0.1 at 2014-12-02 22:51:49 +0530
Processing by HomeController#contact as JS
  Rendered home/_partial_file.html.erb (0.1ms)
  Rendered home/contact.js.erb (4.1ms)
Completed 200 OK in 9ms (Views: 8.7ms | ActiveRecord: 0.0ms)


Started GET "/home/support" for 127.0.0.1 at 2014-12-02 22:51:50 +0530
Processing by HomeController#support as JS
  Rendered home/_partial_file.html.erb (0.1ms)
  Rendered home/support.js.erb (3.2ms)
Completed 200 OK in 8ms (Views: 6.9ms | ActiveRecord: 0.0ms)


Started GET "/home/about" for 127.0.0.1 at 2014-12-02 22:51:52 +0530
Processing by HomeController#about as HTML
  Rendered home/about.html.erb within layouts/application (0.3ms)
Completed 200 OK in 43ms (Views: 42.0ms | ActiveRecord: 0.0ms)


Started GET "/" for 127.0.0.1 at 2014-12-02 22:51:54 +0530
Processing by HomeController#index as HTML
  Rendered home/index.html.erb within layouts/application (1.1ms)
Completed 200 OK in 39ms (Views: 38.8ms | ActiveRecord: 0.0ms)


Started GET "/home/home" for 127.0.0.1 at 2014-12-02 22:53:04 +0530
Processing by HomeController#home as HTML
  Rendered home/home.html.erb within layouts/application (0.2ms)
Completed 200 OK in 37ms (Views: 36.4ms | ActiveRecord: 0.0ms)


Started GET "/" for 127.0.0.1 at 2014-12-02 22:53:05 +0530
Processing by HomeController#index as HTML
  Rendered home/index.html.erb within layouts/application (0.7ms)
Completed 200 OK in 47ms (Views: 46.3ms | ActiveRecord: 0.0ms)


Started GET "/home/about" for 127.0.0.1 at 2014-12-02 22:53:07 +0530
Processing by HomeController#about as HTML
  Rendered home/about.html.erb within layouts/application (0.3ms)
Completed 200 OK in 40ms (Views: 39.3ms | ActiveRecord: 0.0ms)


Started GET "/" for 127.0.0.1 at 2014-12-02 22:53:09 +0530
Processing by HomeController#index as HTML
  Rendered home/index.html.erb within layouts/application (0.4ms)
Completed 200 OK in 38ms (Views: 37.1ms | ActiveRecord: 0.0ms)


Started GET "/" for 127.0.0.1 at 2014-12-02 22:53:11 +0530
Processing by HomeController#index as HTML
  Rendered home/index.html.erb within layouts/application (0.5ms)
Completed 200 OK in 44ms (Views: 42.9ms | ActiveRecord: 0.0ms)


Started GET "/assets/home.css?body=1" for 127.0.0.1 at 2014-12-02 22:53:11 +0530


Started GET "/assets/jquery.js?body=1" for 127.0.0.1 at 2014-12-02 22:53:11 +0530


Started GET "/assets/application.css?body=1" for 127.0.0.1 at 2014-12-02 22:53:11 +0530


Started GET "/assets/home.js?body=1" for 127.0.0.1 at 2014-12-02 22:53:11 +0530


Started GET "/assets/turbolinks.js?body=1" for 127.0.0.1 at 2014-12-02 22:53:11 +0530


Started GET "/assets/jquery_ujs.js?body=1" for 127.0.0.1 at 2014-12-02 22:53:11 +0530


Started GET "/assets/application.js?body=1" for 127.0.0.1 at 2014-12-02 22:53:11 +0530


Started GET "/home/about" for 127.0.0.1 at 2014-12-02 22:53:15 +0530
Processing by HomeController#about as HTML
  Rendered home/about.html.erb within layouts/application (0.2ms)
Completed 200 OK in 38ms (Views: 37.1ms | ActiveRecord: 0.0ms)


Started GET "/" for 127.0.0.1 at 2014-12-02 22:53:18 +0530
Processing by HomeController#index as HTML
  Rendered home/index.html.erb within layouts/application (0.9ms)
Completed 200 OK in 43ms (Views: 42.5ms | ActiveRecord: 0.0ms)


Started GET "/home/contact" for 127.0.0.1 at 2014-12-02 22:53:19 +0530
Processing by HomeController#contact as JS
  Rendered home/_partial_file.html.erb (0.1ms)
  Rendered home/contact.js.erb (3.4ms)
Completed 200 OK in 8ms (Views: 7.2ms | ActiveRecord: 0.0ms)


Started GET "/home/support" for 127.0.0.1 at 2014-12-02 22:53:22 +0530
Processing by HomeController#support as JS
  Rendered home/_partial_file.html.erb (0.1ms)
  Rendered home/support.js.erb (3.7ms)
Completed 200 OK in 8ms (Views: 7.6ms | ActiveRecord: 0.0ms)


Started GET "/home/home" for 127.0.0.1 at 2014-12-02 22:53:27 +0530
Processing by HomeController#home as HTML
  Rendered home/home.html.erb within layouts/application (0.3ms)
Completed 200 OK in 47ms (Views: 46.3ms | ActiveRecord: 0.0ms)


Started GET "/" for 127.0.0.1 at 2014-12-02 22:53:29 +0530
Processing by HomeController#index as HTML
  Rendered home/index.html.erb within layouts/application (0.5ms)
Completed 200 OK in 38ms (Views: 37.4ms | ActiveRecord: 0.0ms)


Started GET "/home/about" for 127.0.0.1 at 2014-12-02 22:53:31 +0530
Processing by HomeController#about as HTML
  Rendered home/about.html.erb within layouts/application (0.2ms)
Completed 200 OK in 39ms (Views: 38.7ms | ActiveRecord: 0.0ms)


Started GET "/" for 127.0.0.1 at 2014-12-02 22:53:32 +0530
Processing by HomeController#index as HTML
  Rendered home/index.html.erb within layouts/application (0.4ms)
Completed 200 OK in 41ms (Views: 39.7ms | ActiveRecord: 0.0ms)


Started GET "/home/support" for 127.0.0.1 at 2014-12-02 22:53:34 +0530
Processing by HomeController#support as JS
  Rendered home/_partial_file.html.erb (0.1ms)
  Rendered home/support.js.erb (3.4ms)
Completed 200 OK in 9ms (Views: 8.2ms | ActiveRecord: 0.0ms)


Started GET "/home/contact" for 127.0.0.1 at 2014-12-02 22:53:39 +0530
Processing by HomeController#contact as JS
  Rendered home/_partial_file.html.erb (0.1ms)
  Rendered home/contact.js.erb (3.2ms)
Completed 200 OK in 8ms (Views: 7.5ms | ActiveRecord: 0.0ms)


Started GET "/" for 127.0.0.1 at 2014-12-02 22:54:49 +0530
Processing by HomeController#index as HTML
  Rendered home/index.html.erb within layouts/application (0.8ms)
Completed 200 OK in 50ms (Views: 49.4ms | ActiveRecord: 0.0ms)


Started GET "/assets/home.css?body=1" for 127.0.0.1 at 2014-12-02 22:54:49 +0530


Started GET "/assets/application.css?body=1" for 127.0.0.1 at 2014-12-02 22:54:49 +0530


Started GET "/assets/jquery_ujs.js?body=1" for 127.0.0.1 at 2014-12-02 22:54:49 +0530


Started GET "/assets/jquery.js?body=1" for 127.0.0.1 at 2014-12-02 22:54:49 +0530


Started GET "/assets/application.js?body=1" for 127.0.0.1 at 2014-12-02 22:54:49 +0530


Started GET "/assets/turbolinks.js?body=1" for 127.0.0.1 at 2014-12-02 22:54:49 +0530


Started GET "/home/about" for 127.0.0.1 at 2014-12-02 22:54:54 +0530
Processing by HomeController#about as HTML
  Rendered home/about.html.erb within layouts/application (0.2ms)
Completed 200 OK in 39ms (Views: 38.1ms | ActiveRecord: 0.0ms)


Started GET "/" for 127.0.0.1 at 2014-12-02 22:54:55 +0530
Processing by HomeController#index as HTML
  Rendered home/index.html.erb within layouts/application (0.4ms)
Completed 200 OK in 35ms (Views: 34.6ms | ActiveRecord: 0.0ms)


Started GET "/home/contact" for 127.0.0.1 at 2014-12-02 22:54:57 +0530
Processing by HomeController#contact as JS
  Rendered home/_partial_file.html.erb (0.1ms)
  Rendered home/contact.js.erb (3.2ms)
Completed 200 OK in 10ms (Views: 9.3ms | ActiveRecord: 0.0ms)


Started GET "/home/home" for 127.0.0.1 at 2014-12-02 22:54:59 +0530
Processing by HomeController#home as HTML
  Rendered home/home.html.erb within layouts/application (0.2ms)
Completed 200 OK in 36ms (Views: 35.2ms | ActiveRecord: 0.0ms)


Started GET "/" for 127.0.0.1 at 2014-12-02 22:55:00 +0530
Processing by HomeController#index as HTML
  Rendered home/index.html.erb within layouts/application (0.8ms)
Completed 200 OK in 39ms (Views: 37.8ms | ActiveRecord: 0.0ms)


Started GET "/home/support" for 127.0.0.1 at 2014-12-02 22:55:01 +0530
Processing by HomeController#support as JS
  Rendered home/_partial_file.html.erb (0.1ms)
  Rendered home/support.js.erb (3.1ms)
Completed 200 OK in 8ms (Views: 7.0ms | ActiveRecord: 0.0ms)


Started GET "/home/about" for 127.0.0.1 at 2014-12-02 22:55:05 +0530
Processing by HomeController#about as HTML
  Rendered home/about.html.erb within layouts/application (0.2ms)
Completed 200 OK in 35ms (Views: 33.8ms | ActiveRecord: 0.0ms)


Started GET "/" for 127.0.0.1 at 2014-12-02 22:55:06 +0530
Processing by HomeController#index as HTML
  Rendered home/index.html.erb within layouts/application (0.4ms)
Completed 200 OK in 32ms (Views: 30.9ms | ActiveRecord: 0.0ms)


Started GET "/home/about?_=1417541089436" for 127.0.0.1 at 2014-12-02 22:55:09 +0530
Processing by HomeController#about as JS
  Parameters: {"_"=>"1417541089436"}
  Rendered home/about.html.erb within layouts/application (0.7ms)
Completed 200 OK in 46ms (Views: 45.3ms | ActiveRecord: 0.0ms)


Started GET "/home/support?_=1417541089437" for 127.0.0.1 at 2014-12-02 22:55:12 +0530
Processing by HomeController#support as JS
  Parameters: {"_"=>"1417541089437"}
  Rendered home/_partial_file.html.erb (0.1ms)
  Rendered home/support.js.erb (3.0ms)
Completed 200 OK in 9ms (Views: 7.7ms | ActiveRecord: 0.0ms)


Started GET "/?_=1417541089438" for 127.0.0.1 at 2014-12-02 22:55:15 +0530
Processing by HomeController#index as JS
  Parameters: {"_"=>"1417541089438"}
  Rendered home/index.html.erb within layouts/application (0.9ms)
Completed 200 OK in 37ms (Views: 36.9ms | ActiveRecord: 0.0ms)


Started GET "/home/home?_=1417541089439" for 127.0.0.1 at 2014-12-02 22:55:18 +0530
Processing by HomeController#home as JS
  Parameters: {"_"=>"1417541089439"}
  Rendered home/home.html.erb within layouts/application (0.6ms)
Completed 200 OK in 37ms (Views: 36.5ms | ActiveRecord: 0.0ms)


Started GET "/home/contact?_=1417541089440" for 127.0.0.1 at 2014-12-02 22:55:20 +0530
Processing by HomeController#contact as JS
  Parameters: {"_"=>"1417541089440"}
  Rendered home/_partial_file.html.erb (0.3ms)
  Rendered home/contact.js.erb (4.2ms)
Completed 200 OK in 8ms (Views: 7.7ms | ActiveRecord: 0.0ms)


Started GET "/?_=1417541089441" for 127.0.0.1 at 2014-12-02 22:55:23 +0530
Processing by HomeController#index as JS
  Parameters: {"_"=>"1417541089441"}
  Rendered home/index.html.erb within layouts/application (1.2ms)
Completed 200 OK in 47ms (Views: 45.8ms | ActiveRecord: 0.0ms)


Started GET "/home/about?_=1417541089442" for 127.0.0.1 at 2014-12-02 22:55:29 +0530
Processing by HomeController#about as JS
  Parameters: {"_"=>"1417541089442"}
  Rendered home/about.html.erb within layouts/application (0.2ms)
Completed 200 OK in 39ms (Views: 37.8ms | ActiveRecord: 0.0ms)


Started GET "/?_=1417541089443" for 127.0.0.1 at 2014-12-02 22:55:32 +0530
Processing by HomeController#index as JS
  Parameters: {"_"=>"1417541089443"}
  Rendered home/index.html.erb within layouts/application (0.5ms)
Completed 200 OK in 37ms (Views: 36.6ms | ActiveRecord: 0.0ms)


Started GET "/home/about?_=1417541089444" for 127.0.0.1 at 2014-12-02 22:55:34 +0530
Processing by HomeController#about as JS
  Parameters: {"_"=>"1417541089444"}
  Rendered home/about.html.erb within layouts/application (0.3ms)
Completed 200 OK in 40ms (Views: 38.9ms | ActiveRecord: 0.0ms)


Started GET "/?_=1417541089445" for 127.0.0.1 at 2014-12-02 22:55:36 +0530
Processing by HomeController#index as JS
  Parameters: {"_"=>"1417541089445"}
  Rendered home/index.html.erb within layouts/application (0.4ms)
Completed 200 OK in 44ms (Views: 43.4ms | ActiveRecord: 0.0ms)


Started GET "/home/about?_=1417541089446" for 127.0.0.1 at 2014-12-02 22:55:39 +0530
Processing by HomeController#about as JS
  Parameters: {"_"=>"1417541089446"}
  Rendered home/about.html.erb within layouts/application (0.2ms)
Completed 200 OK in 38ms (Views: 36.9ms | ActiveRecord: 0.0ms)


Started GET "/?_=1417541089447" for 127.0.0.1 at 2014-12-02 22:55:41 +0530
Processing by HomeController#index as JS
  Parameters: {"_"=>"1417541089447"}
  Rendered home/index.html.erb within layouts/application (0.5ms)
Completed 200 OK in 39ms (Views: 38.1ms | ActiveRecord: 0.0ms)


Started GET "/home/home?_=1417541089448" for 127.0.0.1 at 2014-12-02 22:55:43 +0530
Processing by HomeController#home as JS
  Parameters: {"_"=>"1417541089448"}
  Rendered home/home.html.erb within layouts/application (0.4ms)
Completed 200 OK in 43ms (Views: 42.3ms | ActiveRecord: 0.0ms)


Started GET "/?_=1417541089449" for 127.0.0.1 at 2014-12-02 22:55:46 +0530
Processing by HomeController#index as JS
  Parameters: {"_"=>"1417541089449"}
  Rendered home/index.html.erb within layouts/application (0.5ms)
Completed 200 OK in 38ms (Views: 37.7ms | ActiveRecord: 0.0ms)


Started GET "/home/about?_=1417541089450" for 127.0.0.1 at 2014-12-02 22:55:48 +0530
Processing by HomeController#about as JS
  Parameters: {"_"=>"1417541089450"}
  Rendered home/about.html.erb within layouts/application (0.3ms)
Completed 200 OK in 38ms (Views: 36.9ms | ActiveRecord: 0.0ms)


Started GET "/?_=1417541089451" for 127.0.0.1 at 2014-12-02 22:55:51 +0530
Processing by HomeController#index as JS
  Parameters: {"_"=>"1417541089451"}
  Rendered home/index.html.erb within layouts/application (0.7ms)
Completed 200 OK in 45ms (Views: 43.5ms | ActiveRecord: 0.0ms)


Started GET "/home/home?_=1417541089452" for 127.0.0.1 at 2014-12-02 22:55:53 +0530
Processing by HomeController#home as JS
  Parameters: {"_"=>"1417541089452"}
  Rendered home/home.html.erb within layouts/application (0.2ms)
Completed 200 OK in 39ms (Views: 36.9ms | ActiveRecord: 0.0ms)


Started GET "/?_=1417541089453" for 127.0.0.1 at 2014-12-02 22:55:55 +0530
Processing by HomeController#index as JS
  Parameters: {"_"=>"1417541089453"}
  Rendered home/index.html.erb within layouts/application (0.4ms)
Completed 200 OK in 39ms (Views: 37.9ms | ActiveRecord: 0.0ms)


Started GET "/home/about?_=1417541089454" for 127.0.0.1 at 2014-12-02 22:55:58 +0530
Processing by HomeController#about as JS
  Parameters: {"_"=>"1417541089454"}
  Rendered home/about.html.erb within layouts/application (0.3ms)
Completed 200 OK in 41ms (Views: 40.3ms | ActiveRecord: 0.0ms)


Started GET "/?_=1417541089455" for 127.0.0.1 at 2014-12-02 22:56:01 +0530
Processing by HomeController#index as JS
  Parameters: {"_"=>"1417541089455"}
  Rendered home/index.html.erb within layouts/application (0.5ms)
Completed 200 OK in 37ms (Views: 36.1ms | ActiveRecord: 0.0ms)


Started GET "/home/about?_=1417541089456" for 127.0.0.1 at 2014-12-02 22:56:04 +0530
Processing by HomeController#about as JS
  Parameters: {"_"=>"1417541089456"}
  Rendered home/about.html.erb within layouts/application (0.2ms)
Completed 200 OK in 39ms (Views: 38.2ms | ActiveRecord: 0.0ms)


Started GET "/?_=1417541089457" for 127.0.0.1 at 2014-12-02 22:56:06 +0530
Processing by HomeController#index as JS
  Parameters: {"_"=>"1417541089457"}
  Rendered home/index.html.erb within layouts/application (0.7ms)
Completed 200 OK in 47ms (Views: 45.7ms | ActiveRecord: 0.0ms)


Started GET "/home/about?_=1417541089458" for 127.0.0.1 at 2014-12-02 22:56:08 +0530
Processing by HomeController#about as JS
  Parameters: {"_"=>"1417541089458"}
  Rendered home/about.html.erb within layouts/application (0.3ms)
Completed 200 OK in 38ms (Views: 37.3ms | ActiveRecord: 0.0ms)


Started GET "/?_=1417541089459" for 127.0.0.1 at 2014-12-02 22:56:11 +0530
Processing by HomeController#index as JS
  Parameters: {"_"=>"1417541089459"}
  Rendered home/index.html.erb within layouts/application (0.4ms)
Completed 200 OK in 38ms (Views: 36.3ms | ActiveRecord: 0.0ms)


Started GET "/home/contact?_=1417541089460" for 127.0.0.1 at 2014-12-02 22:56:14 +0530
Processing by HomeController#contact as JS
  Parameters: {"_"=>"1417541089460"}
  Rendered home/_partial_file.html.erb (0.1ms)
  Rendered home/contact.js.erb (3.8ms)
Completed 200 OK in 9ms (Views: 7.7ms | ActiveRecord: 0.0ms)


Started GET "/home/home?_=1417541089461" for 127.0.0.1 at 2014-12-02 22:56:16 +0530
Processing by HomeController#home as JS
  Parameters: {"_"=>"1417541089461"}
  Rendered home/home.html.erb within layouts/application (0.2ms)
Completed 200 OK in 43ms (Views: 41.9ms | ActiveRecord: 0.0ms)


Started GET "/?_=1417541089462" for 127.0.0.1 at 2014-12-02 22:56:19 +0530
Processing by HomeController#index as JS
  Parameters: {"_"=>"1417541089462"}
  Rendered home/index.html.erb within layouts/application (0.6ms)
Completed 200 OK in 40ms (Views: 39.2ms | ActiveRecord: 0.0ms)


Started GET "/home/support?_=1417541089463" for 127.0.0.1 at 2014-12-02 22:56:25 +0530
Processing by HomeController#support as JS
  Parameters: {"_"=>"1417541089463"}
  Rendered home/_partial_file.html.erb (0.2ms)
  Rendered home/support.js.erb (4.1ms)
Completed 200 OK in 9ms (Views: 8.2ms | ActiveRecord: 0.0ms)


Started GET "/home/about?_=1417541089464" for 127.0.0.1 at 2014-12-02 22:56:28 +0530
Processing by HomeController#about as JS
  Parameters: {"_"=>"1417541089464"}
  Rendered home/about.html.erb within layouts/application (0.2ms)
Completed 200 OK in 37ms (Views: 36.5ms | ActiveRecord: 0.0ms)


Started GET "/?_=1417541089465" for 127.0.0.1 at 2014-12-02 22:56:32 +0530
Processing by HomeController#index as JS
  Parameters: {"_"=>"1417541089465"}
  Rendered home/index.html.erb within layouts/application (0.5ms)
Completed 200 OK in 44ms (Views: 40.1ms | ActiveRecord: 0.0ms)


Started GET "/" for 127.0.0.1 at 2014-12-02 22:56:42 +0530
Processing by HomeController#index as HTML
  Rendered home/index.html.erb within layouts/application (0.5ms)
Completed 200 OK in 41ms (Views: 40.4ms | ActiveRecord: 0.0ms)


Started GET "/assets/application.css?body=1" for 127.0.0.1 at 2014-12-02 22:56:42 +0530


Started GET "/assets/home.css?body=1" for 127.0.0.1 at 2014-12-02 22:56:42 +0530


Started GET "/assets/jquery.js?body=1" for 127.0.0.1 at 2014-12-02 22:56:42 +0530


Started GET "/assets/jquery_ujs.js?body=1" for 127.0.0.1 at 2014-12-02 22:56:42 +0530


Started GET "/assets/application.js?body=1" for 127.0.0.1 at 2014-12-02 22:56:42 +0530


Started GET "/assets/turbolinks.js?body=1" for 127.0.0.1 at 2014-12-02 22:56:42 +0530


Started GET "/home/contact" for 127.0.0.1 at 2014-12-02 22:56:45 +0530
Processing by HomeController#contact as JS
  Rendered home/_partial_file.html.erb (0.2ms)
  Rendered home/contact.js.erb (4.0ms)
Completed 200 OK in 9ms (Views: 8.1ms | ActiveRecord: 0.0ms)


Started GET "/home/support" for 127.0.0.1 at 2014-12-02 22:56:49 +0530
Processing by HomeController#support as JS
  Rendered home/_partial_file.html.erb (0.1ms)
  Rendered home/support.js.erb (3.2ms)
Completed 200 OK in 8ms (Views: 7.1ms | ActiveRecord: 0.0ms)


Started GET "/home/about" for 127.0.0.1 at 2014-12-02 22:56:51 +0530
Processing by HomeController#about as HTML
  Rendered home/about.html.erb within layouts/application (0.2ms)
Completed 200 OK in 36ms (Views: 35.7ms | ActiveRecord: 0.0ms)


Started GET "/" for 127.0.0.1 at 2014-12-02 22:56:52 +0530
Processing by HomeController#index as HTML
  Rendered home/index.html.erb within layouts/application (0.4ms)
Completed 200 OK in 37ms (Views: 36.6ms | ActiveRecord: 0.0ms)


Started GET "/home/home" for 127.0.0.1 at 2014-12-02 22:56:58 +0530
Processing by HomeController#home as HTML
  Rendered home/home.html.erb within layouts/application (0.2ms)
Completed 200 OK in 35ms (Views: 34.3ms | ActiveRecord: 0.0ms)


Started GET "/" for 127.0.0.1 at 2014-12-02 22:56:59 +0530
Processing by HomeController#index as HTML
  Rendered home/index.html.erb within layouts/application (0.9ms)
Completed 200 OK in 39ms (Views: 38.1ms | ActiveRecord: 0.0ms)


Started GET "/home/support" for 127.0.0.1 at 2014-12-02 22:57:00 +0530
Processing by HomeController#support as JS
  Rendered home/_partial_file.html.erb (0.1ms)
  Rendered home/support.js.erb (4.0ms)
Completed 200 OK in 10ms (Views: 8.6ms | ActiveRecord: 0.0ms)


Started GET "/?_=1417541202480" for 127.0.0.1 at 2014-12-02 22:57:05 +0530
Processing by HomeController#index as JS
  Parameters: {"_"=>"1417541202480"}
  Rendered home/index.html.erb within layouts/application (0.4ms)
Completed 200 OK in 41ms (Views: 40.3ms | ActiveRecord: 0.0ms)


Started GET "/home/home?_=1417541202481" for 127.0.0.1 at 2014-12-02 22:57:09 +0530
Processing by HomeController#home as JS
  Parameters: {"_"=>"1417541202481"}
  Rendered home/home.html.erb within layouts/application (0.3ms)
Completed 200 OK in 38ms (Views: 37.1ms | ActiveRecord: 0.0ms)


Started GET "/?_=1417541202482" for 127.0.0.1 at 2014-12-02 22:57:11 +0530
Processing by HomeController#index as JS
  Parameters: {"_"=>"1417541202482"}
  Rendered home/index.html.erb within layouts/application (0.6ms)
Completed 200 OK in 39ms (Views: 38.2ms | ActiveRecord: 0.0ms)


Started GET "/home/about?_=1417541202483" for 127.0.0.1 at 2014-12-02 22:57:14 +0530
Processing by HomeController#about as JS
  Parameters: {"_"=>"1417541202483"}
  Rendered home/about.html.erb within layouts/application (0.2ms)
Completed 200 OK in 46ms (Views: 45.5ms | ActiveRecord: 0.0ms)


Started GET "/home/support?_=1417541202484" for 127.0.0.1 at 2014-12-02 22:57:17 +0530
Processing by HomeController#support as JS
  Parameters: {"_"=>"1417541202484"}
  Rendered home/_partial_file.html.erb (0.1ms)
  Rendered home/support.js.erb (5.5ms)
Completed 200 OK in 13ms (Views: 12.1ms | ActiveRecord: 0.0ms)


Started GET "/home/contact?_=1417541202485" for 127.0.0.1 at 2014-12-02 22:57:24 +0530
Processing by HomeController#contact as JS
  Parameters: {"_"=>"1417541202485"}
  Rendered home/_partial_file.html.erb (0.1ms)
  Rendered home/contact.js.erb (3.8ms)
Completed 200 OK in 10ms (Views: 9.3ms | ActiveRecord: 0.0ms)


Started GET "/?_=1417541202486" for 127.0.0.1 at 2014-12-02 22:57:27 +0530
Processing by HomeController#index as JS
  Parameters: {"_"=>"1417541202486"}
  Rendered home/index.html.erb within layouts/application (0.6ms)
Completed 200 OK in 39ms (Views: 38.3ms | ActiveRecord: 0.0ms)


Started GET "/?_=1417541251583" for 127.0.0.1 at 2014-12-02 22:57:35 +0530
Processing by HomeController#index as JS
  Parameters: {"_"=>"1417541251583"}
  Rendered home/index.html.erb within layouts/application (0.6ms)
Completed 200 OK in 42ms (Views: 41.1ms | ActiveRecord: 0.0ms)


Started GET "/home/contact?_=1417541251584" for 127.0.0.1 at 2014-12-02 22:57:38 +0530
Processing by HomeController#contact as JS
  Parameters: {"_"=>"1417541251584"}
  Rendered home/_partial_file.html.erb (0.1ms)
  Rendered home/contact.js.erb (4.2ms)
Completed 200 OK in 11ms (Views: 9.6ms | ActiveRecord: 0.0ms)


Started GET "/home/support?_=1417541251585" for 127.0.0.1 at 2014-12-02 22:57:40 +0530
Processing by HomeController#support as JS
  Parameters: {"_"=>"1417541251585"}
  Rendered home/_partial_file.html.erb (0.2ms)
  Rendered home/support.js.erb (4.6ms)
Completed 200 OK in 10ms (Views: 9.8ms | ActiveRecord: 0.0ms)


Started GET "/home/about?_=1417541251586" for 127.0.0.1 at 2014-12-02 22:57:43 +0530
Processing by HomeController#about as JS
  Parameters: {"_"=>"1417541251586"}
  Rendered home/about.html.erb within layouts/application (0.2ms)
Completed 200 OK in 48ms (Views: 46.7ms | ActiveRecord: 0.0ms)


Started GET "/home/about" for 127.0.0.1 at 2014-12-02 22:57:43 +0530
Processing by HomeController#about as HTML
  Rendered home/about.html.erb within layouts/application (0.2ms)
Completed 200 OK in 35ms (Views: 34.0ms | ActiveRecord: 0.0ms)


Started GET "/?_=1417541251587" for 127.0.0.1 at 2014-12-02 22:57:46 +0530
Processing by HomeController#index as JS
  Parameters: {"_"=>"1417541251587"}
  Rendered home/index.html.erb within layouts/application (0.6ms)
Completed 200 OK in 50ms (Views: 49.2ms | ActiveRecord: 0.0ms)


Started GET "/home/home?_=1417541251588" for 127.0.0.1 at 2014-12-02 22:58:02 +0530
Processing by HomeController#home as JS
  Parameters: {"_"=>"1417541251588"}
  Rendered home/home.html.erb within layouts/application (0.4ms)
Completed 200 OK in 49ms (Views: 47.6ms | ActiveRecord: 0.0ms)


Started GET "/home/home" for 127.0.0.1 at 2014-12-02 22:58:02 +0530
Processing by HomeController#home as HTML
  Rendered home/home.html.erb within layouts/application (0.3ms)
Completed 200 OK in 36ms (Views: 35.0ms | ActiveRecord: 0.0ms)


Started GET "/?_=1417541251589" for 127.0.0.1 at 2014-12-02 22:58:05 +0530
Processing by HomeController#index as JS
  Parameters: {"_"=>"1417541251589"}
  Rendered home/index.html.erb within layouts/application (0.4ms)
Completed 200 OK in 39ms (Views: 38.5ms | ActiveRecord: 0.0ms)
